<?xml version="1.0" encoding="UTF-8"?>
<coverage generated="1511184489133" clover="3.2.0">
  <project timestamp="1511184489133" name="All files">
    <metrics statements="87" coveredstatements="45" conditionals="17" coveredconditionals="8" methods="43" coveredmethods="9" elements="147" coveredelements="62" complexity="0" loc="87" ncloc="87" packages="6" files="14" classes="14">
      <package name="ReactNativeSample">
        <metrics statements="4" coveredstatements="4" conditionals="0" coveredconditionals="0" methods="4" coveredmethods="2"/>
        <file name="index.android.js" path="/Users/tgoudouneix/industrialisation/ReactNativeSample/index.android.js">
          <metrics statements="2" coveredstatements="2" conditionals="0" coveredconditionals="0" methods="2" coveredmethods="1"/>
          <line num="8" count="1" type="stmt"/>
          <line num="14" count="1" type="stmt"/>
        </file>
        <file name="index.ios.js" path="/Users/tgoudouneix/industrialisation/ReactNativeSample/index.ios.js">
          <metrics statements="2" coveredstatements="2" conditionals="0" coveredconditionals="0" methods="2" coveredmethods="1"/>
          <line num="8" count="1" type="stmt"/>
          <line num="14" count="1" type="stmt"/>
        </file>
      </package>
      <package name="ReactNativeSample.config.jest.setup-files">
        <metrics statements="18" coveredstatements="7" conditionals="7" coveredconditionals="0" methods="12" coveredmethods="2"/>
        <file name="index.js" path="/Users/tgoudouneix/industrialisation/ReactNativeSample/config/jest/setup-files/index.js">
          <metrics statements="18" coveredstatements="7" conditionals="7" coveredconditionals="0" methods="12" coveredmethods="2"/>
          <line num="15" count="3" type="stmt"/>
          <line num="20" count="2" type="stmt"/>
          <line num="24" count="3" type="stmt"/>
          <line num="25" count="0" type="stmt"/>
          <line num="29" count="0" type="stmt"/>
          <line num="35" count="3" type="stmt"/>
          <line num="41" count="3" type="cond" truecount="0" falsecount="2"/>
          <line num="42" count="0" type="stmt"/>
          <line num="43" count="0" type="stmt"/>
          <line num="52" count="3" type="cond" truecount="0" falsecount="3"/>
          <line num="53" count="0" type="stmt"/>
          <line num="55" count="0" type="cond" truecount="0" falsecount="2"/>
          <line num="57" count="0" type="stmt"/>
          <line num="59" count="0" type="stmt"/>
          <line num="64" count="0" type="stmt"/>
          <line num="73" count="3" type="stmt"/>
          <line num="74" count="0" type="stmt"/>
          <line num="75" count="0" type="stmt"/>
        </file>
      </package>
      <package name="ReactNativeSample.src">
        <metrics statements="7" coveredstatements="7" conditionals="0" coveredconditionals="0" methods="1" coveredmethods="1"/>
        <file name="NavigationContainer.js" path="/Users/tgoudouneix/industrialisation/ReactNativeSample/src/NavigationContainer.js">
          <metrics statements="7" coveredstatements="7" conditionals="0" coveredconditionals="0" methods="1" coveredmethods="1"/>
          <line num="10" count="2" type="stmt"/>
          <line num="12" count="2" type="stmt"/>
          <line num="16" count="2" type="stmt"/>
          <line num="20" count="2" type="stmt"/>
          <line num="24" count="2" type="stmt"/>
          <line num="28" count="2" type="stmt"/>
          <line num="32" count="2" type="stmt"/>
        </file>
      </package>
      <package name="ReactNativeSample.src.components">
        <metrics statements="28" coveredstatements="8" conditionals="2" coveredconditionals="0" methods="13" coveredmethods="0"/>
        <file name="Greeting.js" path="/Users/tgoudouneix/industrialisation/ReactNativeSample/src/components/Greeting.js">
          <metrics statements="5" coveredstatements="3" conditionals="0" coveredconditionals="0" methods="2" coveredmethods="0"/>
          <line num="4" count="2" type="stmt"/>
          <line num="12" count="0" type="stmt"/>
          <line num="19" count="0" type="stmt"/>
          <line num="31" count="2" type="stmt"/>
          <line num="35" count="2" type="stmt"/>
        </file>
        <file name="GreetingsList.js" path="/Users/tgoudouneix/industrialisation/ReactNativeSample/src/components/GreetingsList.js">
          <metrics statements="5" coveredstatements="2" conditionals="0" coveredconditionals="0" methods="3" coveredmethods="0"/>
          <line num="9" count="0" type="stmt"/>
          <line num="13" count="0" type="stmt"/>
          <line num="15" count="0" type="stmt"/>
          <line num="23" count="2" type="stmt"/>
          <line num="27" count="2" type="stmt"/>
        </file>
        <file name="Info.ios.js" path="/Users/tgoudouneix/industrialisation/ReactNativeSample/src/components/Info.ios.js">
          <metrics statements="2" coveredstatements="1" conditionals="0" coveredconditionals="0" methods="1" coveredmethods="0"/>
          <line num="4" count="2" type="stmt"/>
          <line num="25" count="0" type="stmt"/>
        </file>
        <file name="SampleJsx.js" path="/Users/tgoudouneix/industrialisation/ReactNativeSample/src/components/SampleJsx.js">
          <metrics statements="3" coveredstatements="0" conditionals="0" coveredconditionals="0" methods="1" coveredmethods="0"/>
          <line num="8" count="0" type="stmt"/>
          <line num="11" count="0" type="stmt"/>
          <line num="20" count="0" type="stmt"/>
        </file>
        <file name="SampleState.js" path="/Users/tgoudouneix/industrialisation/ReactNativeSample/src/components/SampleState.js">
          <metrics statements="13" coveredstatements="2" conditionals="2" coveredconditionals="0" methods="6" coveredmethods="0"/>
          <line num="4" count="2" type="stmt"/>
          <line num="10" count="2" type="stmt"/>
          <line num="15" count="0" type="stmt"/>
          <line num="17" count="0" type="stmt"/>
          <line num="21" count="0" type="stmt"/>
          <line num="25" count="0" type="stmt"/>
          <line num="26" count="0" type="stmt"/>
          <line num="27" count="0" type="cond" truecount="0" falsecount="2"/>
          <line num="29" count="0" type="stmt"/>
          <line num="34" count="0" type="stmt"/>
          <line num="41" count="0" type="stmt"/>
          <line num="49" count="0" type="stmt"/>
          <line num="50" count="0" type="stmt"/>
        </file>
      </package>
      <package name="ReactNativeSample.src.helpers">
        <metrics statements="6" coveredstatements="6" conditionals="8" coveredconditionals="8" methods="2" coveredmethods="2"/>
        <file name="math.helper.js" path="/Users/tgoudouneix/industrialisation/ReactNativeSample/src/helpers/math.helper.js">
          <metrics statements="6" coveredstatements="6" conditionals="8" coveredconditionals="8" methods="2" coveredmethods="2"/>
          <line num="4" count="3" type="cond" truecount="4" falsecount="0"/>
          <line num="5" count="1" type="stmt"/>
          <line num="8" count="2" type="stmt"/>
          <line num="12" count="3" type="cond" truecount="4" falsecount="0"/>
          <line num="13" count="1" type="stmt"/>
          <line num="16" count="2" type="stmt"/>
        </file>
      </package>
      <package name="ReactNativeSample.src.screens">
        <metrics statements="24" coveredstatements="13" conditionals="0" coveredconditionals="0" methods="11" coveredmethods="2"/>
        <file name="GreetingsScreen.js" path="/Users/tgoudouneix/industrialisation/ReactNativeSample/src/screens/GreetingsScreen.js">
          <metrics statements="9" coveredstatements="3" conditionals="0" coveredconditionals="0" methods="4" coveredmethods="0"/>
          <line num="5" count="2" type="stmt"/>
          <line num="7" count="2" type="stmt"/>
          <line num="25" count="2" type="stmt"/>
          <line num="34" count="0" type="stmt"/>
          <line num="35" count="0" type="stmt"/>
          <line num="44" count="0" type="stmt"/>
          <line num="48" count="0" type="stmt"/>
          <line num="54" count="0" type="stmt"/>
          <line num="60" count="0" type="stmt"/>
        </file>
        <file name="HomeScreen.js" path="/Users/tgoudouneix/industrialisation/ReactNativeSample/src/screens/HomeScreen.js">
          <metrics statements="11" coveredstatements="8" conditionals="0" coveredconditionals="0" methods="5" coveredmethods="2"/>
          <line num="15" count="2" type="stmt"/>
          <line num="17" count="2" type="stmt"/>
          <line num="30" count="2" type="stmt"/>
          <line num="32" count="2" type="stmt"/>
          <line num="34" count="2" type="stmt"/>
          <line num="35" count="2" type="stmt"/>
          <line num="36" count="2" type="stmt"/>
          <line num="40" count="0" type="stmt"/>
          <line num="44" count="0" type="stmt"/>
          <line num="48" count="0" type="stmt"/>
          <line num="52" count="2" type="stmt"/>
        </file>
        <file name="JsxScreen.js" path="/Users/tgoudouneix/industrialisation/ReactNativeSample/src/screens/JsxScreen.js">
          <metrics statements="2" coveredstatements="1" conditionals="0" coveredconditionals="0" methods="1" coveredmethods="0"/>
          <line num="4" count="2" type="stmt"/>
          <line num="13" count="0" type="stmt"/>
        </file>
        <file name="StateScreen.js" path="/Users/tgoudouneix/industrialisation/ReactNativeSample/src/screens/StateScreen.js">
          <metrics statements="2" coveredstatements="1" conditionals="0" coveredconditionals="0" methods="1" coveredmethods="0"/>
          <line num="4" count="2" type="stmt"/>
          <line num="13" count="0" type="stmt"/>
        </file>
      </package>
    </metrics>
  </project>
</coverage>
